<?xml version="1.0" encoding="UTF-8"?>
<!-- Generated by org.testng.reporters.JUnitReportReporter -->
<testsuite skipped="0" hostname="VISHNUNANDINI" name="com.toranotec.test.SignInTest" tests="4" failures="0" timestamp="2022-01-16T17:28:30 IST" time="66.701" errors="0">
  <testcase name="verifySignInInvalidTest" time="7.243" classname="com.toranotec.test.SignInTest"/>
  <testcase name="verifySignInInvalidTest" time="16.194" classname="com.toranotec.test.SignInTest"/>
  <testcase name="verifySignInInvalidTest" time="30.610" classname="com.toranotec.test.SignInTest"/>
  <testcase name="verifySignInValidTest" time="12.654" classname="com.toranotec.test.SignInTest"/>
</testsuite> <!-- com.toranotec.test.SignInTest -->
